#
# There is insufficient memory for the Java Runtime Environment to continue.
# Native memory allocation (mmap) failed to map 130023424 bytes for G1 virtual space
# Possible reasons:
#   The system is out of physical RAM or swap space
#   The process is running with CompressedOops enabled, and the Java Heap may be blocking the growth of the native heap
# Possible solutions:
#   Reduce memory load on the system
#   Increase physical memory or swap space
#   Check if swap backing store is full
#   Decrease Java heap size (-Xmx/-Xms)
#   Decrease number of Java threads
#   Decrease Java thread stack sizes (-Xss)
#   Set larger code cache with -XX:ReservedCodeCacheSize=
#   JVM is running with Unscaled Compressed Oops mode in which the Java heap is
#     placed in the first 4GB address space. The Java Heap base address is the
#     maximum limit for the native heap growth. Please use -XX:HeapBaseMinAddress
#     to set the Java Heap base and to place the Java Heap above 4GB virtual address.
# This output file may be truncated or incomplete.
#
#  Out of Memory Error (os_windows.cpp:3825), pid=19320, tid=35308
#
# JRE version:  (17.0.9+7) (build )
# Java VM: OpenJDK 64-Bit Server VM (17.0.9+7-b1087.9, mixed mode, sharing, tiered, compressed oops, compressed class ptrs, g1 gc, windows-amd64)
# No core dump will be written. Minidumps are not enabled by default on client versions of Windows
#

---------------  S U M M A R Y ------------

Command Line: git4idea.http.GitAskPassApp Username for 'https://github.com': 

Host: 11th Gen Intel(R) Core(TM) i5-1135G7 @ 2.40GHz, 8 cores, 7G,  Windows 11 , 64 bit Build 22621 (10.0.22621.2506)
Time: Sat Jan 20 20:56:47 2024 Morocco Daylight Time elapsed time: 0.089704 seconds (0d 0h 0m 0s)

---------------  T H R E A D  ---------------

Current thread (0x000001f9aca7efb0):  JavaThread "Unknown thread" [_thread_in_vm, id=35308, stack(0x000000da38400000,0x000000da38500000)]

Stack: [0x000000da38400000,0x000000da38500000]
Native frames: (J=compiled Java code, j=interpreted, Vv=VM code, C=native code)
V  [jvm.dll+0x688349]
V  [jvm.dll+0x841bfa]
V  [jvm.dll+0x84383e]
V  [jvm.dll+0x843ea3]
V  [jvm.dll+0x24bdef]
V  [jvm.dll+0x6850f9]
V  [jvm.dll+0x67988a]
V  [jvm.dll+0x30cbfb]
V  [jvm.dll+0x3140a6]
V  [jvm.dll+0x363ede]
V  [jvm.dll+0x36410f]
V  [jvm.dll+0x2e29c8]
V  [jvm.dll+0x2e3934]
V  [jvm.dll+0x812771]
V  [jvm.dll+0x371d41]
V  [jvm.dll+0x7f12bc]
V  [jvm.dll+0x3f59cf]
V  [jvm.dll+0x3f7601]
C  [jli.dll+0x528f]
C  [ucrtbase.dll+0x29363]
C  [KERNEL32.DLL+0x1257d]
C  [ntdll.dll+0x5aa58]


---------------  P R O C E S S  ---------------

Threads class SMR info:
_java_thread_list=0x00007ff926d0df18, length=0, elements={
}

Java Threads: ( => current thread )

Other Threads:
  0x000001f9acad86f0 GCTaskThread "GC Thread#0" [stack: 0x000000da38500000,0x000000da38600000] [id=28772]
  0x000001f9acae95a0 ConcurrentGCThread "G1 Main Marker" [stack: 0x000000da38600000,0x000000da38700000] [id=21680]
  0x000001f9acae9fd0 ConcurrentGCThread "G1 Conc#0" [stack: 0x000000da38700000,0x000000da38800000] [id=32864]

[error occurred during error reporting (printing all threads), id 0xc0000005, EXCEPTION_ACCESS_VIOLATION (0xc0000005) at pc=0x00007ff9264c3597]

VM state: not at safepoint (not fully initialized)

VM Mutex/Monitor currently owned by a thread:  ([mutex/lock_event])
[0x000001f9aca79fe0] Heap_lock - owner thread: 0x000001f9aca7efb0

Heap address: 0x0000000084200000, size: 1982 MB, Compressed Oops mode: 32-bit

CDS archive(s) mapped at: [0x0000000000000000-0x0000000000000000-0x0000000000000000), size 0, SharedBaseAddress: 0x0000000800000000, ArchiveRelocationMode: 1.
Narrow klass base: 0x0000000000000000, Narrow klass shift: 0, Narrow klass range: 0x0

GC Precious Log:
<Empty>

Heap:
 garbage-first heap   total 0K, used 0K [0x0000000084200000, 0x0000000100000000)
  region size 1024K, 0 young (0K), 0 survivors (0K)
 Metaspace       used 0K, committed 0K, reserved 0K
  class space    used 0K, committed 0K, reserved 0K

Heap Regions: E=young(eden), S=young(survivor), O=old, HS=humongous(starts), HC=humongous(continues), CS=collection set, F=free, OA=open archive, CA=closed archive, TAMS=top-at-mark-start (previous, next)

Card table byte_map: [0x000001f9bf900000,0x000001f9bfce0000] _byte_map_base: 0x000001f9bf4df000

Marking Bits (Prev, Next): (CMBitMap*) 0x000001f9acad8d10, (CMBitMap*) 0x000001f9acad8d50
 Prev Bits: [0x000001f9c00c0000, 0x000001f9c1fb8000)
 Next Bits: [0x000001f9c1fc0000, 0x000001f9c3eb8000)

GC Heap History (0 events):
No events

Dll operation events (1 events):
Event: 0.054 Loaded shared library C:\Users\BITS_DEV\AppData\Local\Programs\WebStorm\jbr\bin\java.dll

Deoptimization events (0 events):
No events

Classes unloaded (0 events):
No events

Classes redefined (0 events):
No events

Internal exceptions (0 events):
No events

VM Operations (0 events):
No events

Events (0 events):
No events


Dynamic libraries:
0x00007ff7f9b40000 - 0x00007ff7f9b4a000 	C:\Users\BITS_DEV\AppData\Local\Programs\WebStorm\jbr\bin\java.exe
0x00007ff9b2e50000 - 0x00007ff9b3067000 	C:\WINDOWS\SYSTEM32\ntdll.dll
0x00007ff9b1cf0000 - 0x00007ff9b1db4000 	C:\WINDOWS\System32\KERNEL32.DLL
0x00007ff9b0200000 - 0x00007ff9b05a6000 	C:\WINDOWS\System32\KERNELBASE.dll
0x00007ff9b06a0000 - 0x00007ff9b07b1000 	C:\WINDOWS\System32\ucrtbase.dll
0x00007ff955050000 - 0x00007ff955067000 	C:\Users\BITS_DEV\AppData\Local\Programs\WebStorm\jbr\bin\jli.dll
0x00007ff9569e0000 - 0x00007ff9569fb000 	C:\Users\BITS_DEV\AppData\Local\Programs\WebStorm\jbr\bin\VCRUNTIME140.dll
0x00007ff9b2b80000 - 0x00007ff9b2d2e000 	C:\WINDOWS\System32\USER32.dll
0x00007ff9b0670000 - 0x00007ff9b0696000 	C:\WINDOWS\System32\win32u.dll
0x00007ff998220000 - 0x00007ff9984b3000 	C:\WINDOWS\WinSxS\amd64_microsoft.windows.common-controls_6595b64144ccf1df_6.0.22621.2506_none_270c5ae97388e100\COMCTL32.dll
0x00007ff9b1dc0000 - 0x00007ff9b1e67000 	C:\WINDOWS\System32\msvcrt.dll
0x00007ff9b1620000 - 0x00007ff9b1649000 	C:\WINDOWS\System32\GDI32.dll
0x00007ff9b0a80000 - 0x00007ff9b0b98000 	C:\WINDOWS\System32\gdi32full.dll
0x00007ff9b07c0000 - 0x00007ff9b085a000 	C:\WINDOWS\System32\msvcp_win.dll
0x00007ff9b1010000 - 0x00007ff9b1041000 	C:\WINDOWS\System32\IMM32.DLL
0x00007ff992e00000 - 0x00007ff992e0c000 	C:\Users\BITS_DEV\AppData\Local\Programs\WebStorm\jbr\bin\vcruntime140_1.dll
0x00007ff8cfa10000 - 0x00007ff8cfa9d000 	C:\Users\BITS_DEV\AppData\Local\Programs\WebStorm\jbr\bin\msvcp140.dll
0x00007ff9261d0000 - 0x00007ff926e52000 	C:\Users\BITS_DEV\AppData\Local\Programs\WebStorm\jbr\bin\server\jvm.dll
0x00007ff9b2070000 - 0x00007ff9b2123000 	C:\WINDOWS\System32\ADVAPI32.dll
0x00007ff9b2d30000 - 0x00007ff9b2dd8000 	C:\WINDOWS\System32\sechost.dll
0x00007ff9b0860000 - 0x00007ff9b0888000 	C:\WINDOWS\System32\bcrypt.dll
0x00007ff9b2a60000 - 0x00007ff9b2b77000 	C:\WINDOWS\System32\RPCRT4.dll
0x00007ff9b0060000 - 0x00007ff9b00ad000 	C:\WINDOWS\SYSTEM32\POWRPROF.dll
0x00007ff9a6440000 - 0x00007ff9a6474000 	C:\WINDOWS\SYSTEM32\WINMM.dll
0x00007ff9a7c60000 - 0x00007ff9a7c6a000 	C:\WINDOWS\SYSTEM32\VERSION.dll
0x00007ff98be40000 - 0x00007ff98be49000 	C:\WINDOWS\SYSTEM32\WSOCK32.dll
0x00007ff9b1670000 - 0x00007ff9b16e1000 	C:\WINDOWS\System32\WS2_32.dll
0x00007ff9b0040000 - 0x00007ff9b0053000 	C:\WINDOWS\SYSTEM32\UMPDC.dll
0x00007ff9af160000 - 0x00007ff9af178000 	C:\WINDOWS\SYSTEM32\kernel.appcore.dll
0x00007ff99f3d0000 - 0x00007ff99f3da000 	C:\Users\BITS_DEV\AppData\Local\Programs\WebStorm\jbr\bin\jimage.dll
0x00007ff9ad980000 - 0x00007ff9adbb3000 	C:\WINDOWS\SYSTEM32\DBGHELP.DLL
0x00007ff9b0c80000 - 0x00007ff9b1009000 	C:\WINDOWS\System32\combase.dll
0x00007ff9b18b0000 - 0x00007ff9b1987000 	C:\WINDOWS\System32\OLEAUT32.dll
0x00007ff98f9d0000 - 0x00007ff98fa02000 	C:\WINDOWS\SYSTEM32\dbgcore.DLL
0x00007ff9b0890000 - 0x00007ff9b090a000 	C:\WINDOWS\System32\bcryptPrimitives.dll
0x00007ff971840000 - 0x00007ff971865000 	C:\Users\BITS_DEV\AppData\Local\Programs\WebStorm\jbr\bin\java.dll

dbghelp: loaded successfully - version: 4.0.5 - missing functions: none
symbol engine: initialized successfully - sym options: 0x614 - pdb path: .;C:\Users\BITS_DEV\AppData\Local\Programs\WebStorm\jbr\bin;C:\WINDOWS\SYSTEM32;C:\WINDOWS\WinSxS\amd64_microsoft.windows.common-controls_6595b64144ccf1df_6.0.22621.2506_none_270c5ae97388e100;C:\Users\BITS_DEV\AppData\Local\Programs\WebStorm\jbr\bin\server

VM Arguments:
java_command: git4idea.http.GitAskPassApp Username for 'https://github.com': 
java_class_path (initial): C:/Users/BITS_DEV/AppData/Local/Programs/WebStorm/plugins/vcs-git/lib/git4idea-rt.jar;C:/Users/BITS_DEV/AppData/Local/Programs/WebStorm/lib/externalProcess-rt.jar
Launcher Type: SUN_STANDARD

[Global flags]
     intx CICompilerCount                          = 4                                         {product} {ergonomic}
     uint ConcGCThreads                            = 2                                         {product} {ergonomic}
     uint G1ConcRefinementThreads                  = 8                                         {product} {ergonomic}
   size_t G1HeapRegionSize                         = 1048576                                   {product} {ergonomic}
    uintx GCDrainStackTargetSize                   = 64                                        {product} {ergonomic}
   size_t InitialHeapSize                          = 130023424                                 {product} {ergonomic}
   size_t MarkStackSize                            = 4194304                                   {product} {ergonomic}
   size_t MaxHeapSize                              = 2078277632                                {product} {ergonomic}
   size_t MinHeapDeltaBytes                        = 1048576                                   {product} {ergonomic}
   size_t MinHeapSize                              = 8388608                                   {product} {ergonomic}
    uintx NonNMethodCodeHeapSize                   = 5839372                                {pd product} {ergonomic}
    uintx NonProfiledCodeHeapSize                  = 122909434                              {pd product} {ergonomic}
    uintx ProfiledCodeHeapSize                     = 122909434                              {pd product} {ergonomic}
    uintx ReservedCodeCacheSize                    = 251658240                              {pd product} {ergonomic}
     bool SegmentedCodeCache                       = true                                      {product} {ergonomic}
   size_t SoftMaxHeapSize                          = 2078277632                             {manageable} {ergonomic}
     bool UseCompressedClassPointers               = true                           {product lp64_product} {ergonomic}
     bool UseCompressedOops                        = true                           {product lp64_product} {ergonomic}
     bool UseG1GC                                  = true                                      {product} {ergonomic}
     bool UseLargePagesIndividualAllocation        = false                                  {pd product} {ergonomic}

Logging:
Log output configuration:
 #0: stdout all=warning uptime,level,tags
 #1: stderr all=off uptime,level,tags

Environment Variables:
JAVA_HOME=C:\Program Files\Java\jdk1.8.0_101
PATH=C:/Program Files/Git/mingw64/libexec/git-core;C:/Program Files/Git/mingw64/libexec/git-core;C:\Program Files\Git\mingw64\bin;C:\Program Files\Git\usr\bin;C:\Users\BITS_DEV\bin;C:\Program Files\Java\jdk1.8.0_101\bin;C:\Python310\Scripts\;C:\Python310\;C:\Users\BITS_DEV\Downloads\WINDOWS.X64_193000_db_home\bin;C:\Program Files\Common Files\Oracle\Java\javapath;C:\Program Files (x86)\Common Files\Oracle\Java\javapath;C:\Users\BITS_DEV\Downloads\WINDOWS.X64_213000_db_home\bin;C:\Program Files (x86)\Java\jdk1.7.0_80\bin;C:\ProgramData\Oracle\Java\javapath;C:\WINDOWS\system32;C:\WINDOWS;C:\WINDOWS\System32\Wbem;C:\WINDOWS\System32\WindowsPowerShell\v1.0\;C:\WINDOWS\System32\OpenSSH\;C:\Program Files\apache-maven-3.6.3\bin;C:\Program Files\dotnet\;C:\Program Files\PuTTY\;C:\ProgramData\chocolatey\bin;C:\Program Files\Microsoft SQL Server\150\Tools\Binn\;C:\Program Files\nodejs\;C:\Users\BITS_DEV\Downloads\scripts-up-to-java21\scripts;%AppData%\npm;C:\Program Files\Git\cmd;C:\Program Files\Java\jdk1.8.0_221\bin;C:\Program Files\MySQL\MySQL Shell 8.0\bin\;C:\Users\BITS_DEV\AppData\Local\Microsoft\WindowsApps;C:\Program Files\JetBrains\IntelliJ IDEA 2021.3.2\bin;C:\Users\BITS_DEV\AppData\Local\Programs\Microsoft VS Code\bin;C:\ProgramData\BITS_DEV\GitHubDesktop\bin;C:\Users\BITS_DEV\AppData\Local\G;C:\Users\BITS_DEV\AppData\Roaming\npm;C:\Users\BITS_DEV\AppData\Roaming\npm\node_modules\@angular\cli\bin;C:\Users\BITS_DEV\AppData\Local\JetBrains\Toolbox\scripts;C:\Program Files\JetBrains\IntelliJ IDEA 2023.3.1\bin
USERNAME=BITS_DEV
DISPLAY=:0.0
LC_ALL=en_US.UTF-8
TERM=xterm-256color
TMPDIR=C:\Users\BITS_DEV\AppData\Local\Temp
OS=Windows_NT
PROCESSOR_IDENTIFIER=Intel64 Family 6 Model 140 Stepping 1, GenuineIntel
TMP=C:\Users\BITS_DEV\AppData\Local\Temp
TEMP=C:\Users\BITS_DEV\AppData\Local\Temp



Periodic native trim disabled

JNI global refs:
JNI global refs: 0, weak refs: 0

JNI global refs memory usage: 0, weak refs: 0

OOME stack traces (most recent first):
Classloader memory used:


---------------  S Y S T E M  ---------------

OS:
 Windows 11 , 64 bit Build 22621 (10.0.22621.2506)
OS uptime: 6 days 7:51 hours
Hyper-V role detected

CPU: total 8 (initial active 8) (4 cores per cpu, 2 threads per core) family 6 model 140 stepping 1 microcode 0xb4, cx8, cmov, fxsr, ht, mmx, 3dnowpref, sse, sse2, sse3, ssse3, sse4.1, sse4.2, popcnt, lzcnt, tsc, tscinvbit, avx, avx2, aes, erms, clmul, bmi1, bmi2, adx, avx512f, avx512dq, avx512cd, avx512bw, avx512vl, sha, fma, vzeroupper, avx512_vpopcntdq, avx512_vpclmulqdq, avx512_vaes, avx512_vnni, clflush, clflushopt, clwb, avx512_vbmi2, avx512_vbmi, hv
Processor Information for all 8 processors :
  Max Mhz: 1383, Current Mhz: 1383, Mhz Limit: 1383

Memory: 4k page, system-wide physical 7926M (99M free)
TotalPageFile size 32502M (AvailPageFile size 12M)
current process WorkingSet (physical memory assigned to process): 11M, peak: 11M
current process commit charge ("private bytes"): 60M, peak: 184M

vm_info: OpenJDK 64-Bit Server VM (17.0.9+7-b1087.9) for windows-amd64 JRE (17.0.9+7-b1087.9), built on 2023-12-05 by "builduser" with MS VC++ 16.10 / 16.11 (VS2019)

END.
